<?xml version="1.0" encoding="UTF-8"?>
<!-- Generated by org.testng.reporters.JUnitReportReporter -->
<testsuite hostname="DESKTOP-80BPIUS" name="com.infosys.testing.ebayRegression_Suite.TestExecution2" tests="1" failures="0" timestamp="23 Apr 2018 05:01:04 GMT" time="23.827" errors="0">
  <testcase name="ebayLaunch_Verify" time="23.827" classname="com.infosys.testing.ebayRegression_Suite.TestExecution2"/>
</testsuite> <!-- com.infosys.testing.ebayRegression_Suite.TestExecution2 -->
