<?xml version="1.0" encoding="UTF-8"?>
<!-- Generated by org.testng.reporters.JUnitReportReporter -->
<testsuite hostname="DESKTOP-80BPIUS" name="com.infosys.testing.ebayRegression_Suite.TestExecution" tests="1" failures="0" timestamp="9 May 2018 23:24:58 GMT" time="59.455" errors="0">
  <testcase name="ebayLaunch_Verify" time="59.455" classname="com.infosys.testing.ebayRegression_Suite.TestExecution"/>
</testsuite> <!-- com.infosys.testing.ebayRegression_Suite.TestExecution -->
