<?xml version="1.0" encoding="UTF-8"?>
<!-- Generated by org.testng.reporters.JUnitReportReporter -->
<testsuite hostname="DESKTOP-80BPIUS" name="com.Pracelpoint.testing.PracelRegression_Suite.TestExecution" tests="1" failures="0" timestamp="9 May 2018 23:32:43 GMT" time="30.852" errors="0">
  <testcase name="PracelpointLaunch_Verify" time="30.852" classname="com.Pracelpoint.testing.PracelRegression_Suite.TestExecution"/>
</testsuite> <!-- com.Pracelpoint.testing.PracelRegression_Suite.TestExecution -->
